<?xml version="1.0" encoding="UTF-8"?>
<testsuite xmlns:xsi="http://www.w3.org/2001/XMLSchema-instance" xsi:noNamespaceSchemaLocation="https://maven.apache.org/surefire/maven-surefire-plugin/xsd/surefire-test-report.xsd" version="3.0.2" name="net.codejava.backcarrental.BackCarBookApplicationTests" time="4.854" tests="1" errors="0" skipped="0" failures="0">
  <properties>
[...]
</properties>
  <testcase name="contextLoads" classname="net.codejava.backcarrental.BackCarBookApplicationTests" time="0.351">
    <system-out><![CDATA[00:37:11.492 [main] INFO org.springframework.test.context.support.AnnotationConfigContextLoaderUtils -- Could not detect default configuration classes for test class [net.codejava.backcarrental.BackCarBookApplicationTests]: BackCarBookApplicationTests does not declare any static, non-private, non-final, nested classes annotated with @Configuration.
00:37:11.567 [main] INFO org.springframework.boot.test.context.SpringBootTestContextBootstrapper -- Found @SpringBootConfiguration net.codejava.backcarrental.BackCarRentalApplication for test class net.codejava.backcarrental.BackCarBookApplicationTests

  .   ____          _            __ _ _
 /\\ / ___'_ __ _ _(_)_ __  __ _ \ \ \ \
( ( )\___ | '_ | '_| | '_ \/ _` | \ \ \ \
 \\/  ___)| |_)| | | | | || (_| |  ) ) ) )
  '  |____| .__|_| |_|_| |_\__, | / / / /
 =========|_|==============|___/=/_/_/_/

 :: Spring Boot ::                (v3.4.0)

2024-12-27T00:37:11.853+01:00  INFO 95576 --- [BackCarBook] [           main] n.c.b.BackCarBookApplicationTests        : Starting BackCarBookApplicationTests using Java 17.0.12 with PID 95576 (started by elhajjamzakaria in /Users/elhajjamzakaria/Documents/CarBook/BackCarRental)
2024-12-27T00:37:11.855+01:00  INFO 95576 --- [BackCarBook] [           main] n.c.b.BackCarBookApplicationTests        : No active profile set, falling back to 1 default profile: "default"
2024-12-27T00:37:12.364+01:00  INFO 95576 --- [BackCarBook] [           main] .s.d.r.c.RepositoryConfigurationDelegate : Bootstrapping Spring Data JPA repositories in DEFAULT mode.
2024-12-27T00:37:12.494+01:00  INFO 95576 --- [BackCarBook] [           main] .s.d.r.c.RepositoryConfigurationDelegate : Finished Spring Data repository scanning in 122 ms. Found 6 JPA repository interfaces.
2024-12-27T00:37:12.815+01:00  INFO 95576 --- [BackCarBook] [           main] o.hibernate.jpa.internal.util.LogHelper  : HHH000204: Processing PersistenceUnitInfo [name: default]
2024-12-27T00:37:12.858+01:00  INFO 95576 --- [BackCarBook] [           main] org.hibernate.Version                    : HHH000412: Hibernate ORM core version 6.6.2.Final
2024-12-27T00:37:12.883+01:00  INFO 95576 --- [BackCarBook] [           main] o.h.c.internal.RegionFactoryInitiator    : HHH000026: Second-level cache disabled
2024-12-27T00:37:13.091+01:00  INFO 95576 --- [BackCarBook] [           main] o.s.o.j.p.SpringPersistenceUnitInfo      : No LoadTimeWeaver setup: ignoring JPA class transformer
2024-12-27T00:37:13.111+01:00  INFO 95576 --- [BackCarBook] [           main] com.zaxxer.hikari.HikariDataSource       : HikariPool-1 - Starting...
2024-12-27T00:37:13.240+01:00  INFO 95576 --- [BackCarBook] [           main] com.zaxxer.hikari.pool.HikariPool        : HikariPool-1 - Added connection com.mysql.cj.jdbc.ConnectionImpl@6ec3d8e4
2024-12-27T00:37:13.241+01:00  INFO 95576 --- [BackCarBook] [           main] com.zaxxer.hikari.HikariDataSource       : HikariPool-1 - Start completed.
2024-12-27T00:37:13.269+01:00  WARN 95576 --- [BackCarBook] [           main] org.hibernate.dialect.Dialect            : HHH000511: The 5.5.5 version for [org.hibernate.dialect.MySQLDialect] is no longer supported, hence certain features may not work properly. The minimum supported version is 8.0.0. Check the community dialects project for available legacy versions.
2024-12-27T00:37:13.273+01:00  WARN 95576 --- [BackCarBook] [           main] org.hibernate.orm.deprecation            : HHH90000025: MySQLDialect does not need to be specified explicitly using 'hibernate.dialect' (remove the property setting and it will be selected by default)
2024-12-27T00:37:13.285+01:00  INFO 95576 --- [BackCarBook] [           main] org.hibernate.orm.connections.pooling    : HHH10001005: Database info:
	Database JDBC URL [Connecting through datasource 'HikariDataSource (HikariPool-1)']
	Database driver: undefined/unknown
	Database version: 5.5.5
	Autocommit mode: undefined/unknown
	Isolation level: undefined/unknown
	Minimum pool size: undefined/unknown
	Maximum pool size: undefined/unknown
2024-12-27T00:37:13.962+01:00  INFO 95576 --- [BackCarBook] [           main] o.h.e.t.j.p.i.JtaPlatformInitiator       : HHH000489: No JTA platform available (set 'hibernate.transaction.jta.platform' to enable JTA platform integration)
2024-12-27T00:37:14.032+01:00  INFO 95576 --- [BackCarBook] [           main] j.LocalContainerEntityManagerFactoryBean : Initialized JPA EntityManagerFactory for persistence unit 'default'
2024-12-27T00:37:14.223+01:00  INFO 95576 --- [BackCarBook] [           main] n.c.backcarrental.Config.PaypalConfig    : PayPal OAuthTokenCredential created with clientId: AX4fqp9gpqEsrNj0-pXpBmlrmTfZySnc0rxuUz9VOkpSjnozIHfoRKApP1xPlo54LZ4ImrXC0VPJ5xZy
2024-12-27T00:37:14.943+01:00  INFO 95576 --- [BackCarBook] [           main] n.c.backcarrental.Config.PaypalConfig    : PayPal APIContext initialized successfully in sandbox mode.
2024-12-27T00:37:14.985+01:00  INFO 95576 --- [BackCarBook] [           main] o.s.d.j.r.query.QueryEnhancerFactory     : Hibernate is in classpath; If applicable, HQL parser will be used.
2024-12-27T00:37:15.595+01:00  WARN 95576 --- [BackCarBook] [           main] JpaBaseConfiguration$JpaWebConfiguration : spring.jpa.open-in-view is enabled by default. Therefore, database queries may be performed during view rendering. Explicitly configure spring.jpa.open-in-view to disable this warning
2024-12-27T00:37:15.868+01:00  INFO 95576 --- [BackCarBook] [           main] n.c.b.BackCarBookApplicationTests        : Started BackCarBookApplicationTests in 4.195 seconds (process running for 4.823)
]]></system-out>
  </testcase>
</testsuite>